<?xml version="1.0" encoding="UTF-8"?>
<!-- Generated by org.testng.reporters.JUnitXMLReporter -->
<testsuite ignored="0" hostname="LAPTOP-RakeshHabbanakuppeChandra" failures="1" tests="3" name="Default test" time="56.874" errors="0" timestamp="2023-09-26T09:40:42 IST">
  <testcase classname="io.cucumber.testng.AbstractTestNGCucumberTests" name="runScenario" time="31.621">
    <failure type="java.lang.AssertionError" message="expected [true] but found [false]">
      <![CDATA[java.lang.AssertionError: expected [true] but found [false]
at org.testng.Assert.fail(Assert.java:111)
at org.testng.Assert.failNotEquals(Assert.java:1578)
at org.testng.Assert.assertTrue(Assert.java:57)
at org.testng.Assert.assertTrue(Assert.java:67)
at stepdefinations.HomePageStepdefination.i_validate_something_in_homepage(HomePageStepdefination.java:44)
at âœ½.I validate "WelcomeText" in homepage(file:///C:/Users/RakeshHabbanakuppeCh/eclipse-workspace/dbiz.aiAutomation/src/test/resources/feature/HomePage.feature:10)
]]>
    </failure>
  </testcase> <!-- runScenario -->
  <testcase classname="io.cucumber.testng.AbstractTestNGCucumberTests" name="runScenario" time="9.98"/>
  <testcase classname="io.cucumber.testng.AbstractTestNGCucumberTests" name="runScenario" time="8.457"/>
</testsuite> <!-- Default test -->
